<?xml version="1.0" encoding="UTF-8"?>
<!-- Generated by org.testng.reporters.JUnitReportReporter -->
<testsuite hostname="LP-SuruchiDas" name="com.fedEx.BusinessObject.FedEx" tests="1" failures="0" timestamp="24 Jan 2019 07:42:45 GMT" time="53.065" errors="0">
  <testcase name="registration_fedex" time="53.065" classname="com.fedEx.BusinessObject.FedEx"/>
</testsuite> <!-- com.fedEx.BusinessObject.FedEx -->
